# JRE version: OpenJDK Runtime Environment Temurin-21.0.8+9 (21.0.8+9) (build 21.0.8+9-LTS)
# Java VM: OpenJDK 64-Bit Server VM Temurin-21.0.8+9 (21.0.8+9-LTS, mixed mode, sharing, tiered, compressed oops, compressed class ptrs, parallel gc, windows-amd64)
GC Precious Log:
 CardTable entry size: 512
 CPUs: 8 total, 8 available
 Memory: 7834M
 Large Page Support: Disabled
 NUMA Support: Disabled
 Compressed Oops: Enabled (32-bit)
 Alignments: Space 512K, Generation 512K, Heap 2M
 Heap Min Capacity: 100M
 Heap Initial Capacity: 100M
 Heap Max Capacity: 2G
 Pre-touch: Disabled
 Parallel Workers: 8
Heap:
 PSYoungGen      total 2560K, used 1723K [0x00000000d5580000, 0x00000000d5900000, 0x0000000100000000)
  eden space 2048K, 76% used [0x00000000d5580000,0x00000000d5706eb0,0x00000000d5780000)
  from space 512K, 31% used [0x00000000d5880000,0x00000000d58a8000,0x00000000d5900000)
  to   space 512K, 0% used [0x00000000d5800000,0x00000000d5800000,0x00000000d5880000)
 ParOldGen       total 524800K, used 524749K [0x0000000080000000, 0x00000000a0080000, 0x00000000d5580000)
  object space 524800K, 99% used [0x0000000080000000,0x00000000a0073660,0x00000000a0080000)
 Metaspace       used 93493K, committed 94912K, reserved 1179648K
  class space    used 9180K, committed 9856K, reserved 1048576K
GC Heap History (20 events):
Event: 21762.331 GC heap before
{Heap before GC invocations=11269 (full 10):
 PSYoungGen      total 2048K, used 2036K [0x00000000d5580000, 0x00000000d5e00000, 0x0000000100000000)
  eden space 1536K, 99% used [0x00000000d5580000,0x00000000d56fffb0,0x00000000d5700000)
  from space 512K, 97% used [0x00000000d5a00000,0x00000000d5a7d1f8,0x00000000d5a80000)
  to   space 3072K, 0% used [0x00000000d5700000,0x00000000d5700000,0x00000000d5a00000)
 ParOldGen       total 516096K, used 515810K [0x0000000080000000, 0x000000009f800000, 0x00000000d5580000)
  object space 516096K, 99% used [0x0000000080000000,0x000000009f7b8a78,0x000000009f800000)
 Metaspace       used 93490K, committed 94912K, reserved 1179648K
  class space    used 9180K, committed 9856K, reserved 1048576K
}
Event: 21762.334 GC heap after
{Heap after GC invocations=11269 (full 10):
 PSYoungGen      total 3584K, used 1632K [0x00000000d5580000, 0x00000000d5b80000, 0x0000000100000000)
  eden space 1536K, 0% used [0x00000000d5580000,0x00000000d5580000,0x00000000d5700000)
  from space 2048K, 79% used [0x00000000d5700000,0x00000000d5898000,0x00000000d5900000)
  to   space 2048K, 0% used [0x00000000d5980000,0x00000000d5980000,0x00000000d5b80000)
 ParOldGen       total 516608K, used 516311K [0x0000000080000000, 0x000000009f880000, 0x00000000d5580000)
  object space 516608K, 99% used [0x0000000080000000,0x000000009f835c70,0x000000009f880000)
 Metaspace       used 93490K, committed 94912K, reserved 1179648K
  class space    used 9180K, committed 9856K, reserved 1048576K
}
Event: 21762.337 GC heap before
{Heap before GC invocations=11270 (full 10):
 PSYoungGen      total 3584K, used 3130K [0x00000000d5580000, 0x00000000d5b80000, 0x0000000100000000)
  eden space 1536K, 97% used [0x00000000d5580000,0x00000000d56f6878,0x00000000d5700000)
  from space 2048K, 79% used [0x00000000d5700000,0x00000000d5898000,0x00000000d5900000)
  to   space 2048K, 0% used [0x00000000d5980000,0x00000000d5980000,0x00000000d5b80000)
 ParOldGen       total 516608K, used 516311K [0x0000000080000000, 0x000000009f880000, 0x00000000d5580000)
  object space 516608K, 99% used [0x0000000080000000,0x000000009f835c70,0x000000009f880000)
 Metaspace       used 93490K, committed 94912K, reserved 1179648K
  class space    used 9180K, committed 9856K, reserved 1048576K
}
Event: 21762.339 GC heap after
{Heap after GC invocations=11270 (full 10):
 PSYoungGen      total 4096K, used 1542K [0x00000000d5580000, 0x00000000d5b80000, 0x0000000100000000)
  eden space 2048K, 0% used [0x00000000d5580000,0x00000000d5580000,0x00000000d5780000)
  from space 2048K, 75% used [0x00000000d5980000,0x00000000d5b01800,0x00000000d5b80000)
  to   space 2048K, 0% used [0x00000000d5780000,0x00000000d5780000,0x00000000d5980000)
 ParOldGen       total 518144K, used 517847K [0x0000000080000000, 0x000000009fa00000, 0x00000000d5580000)
  object space 518144K, 99% used [0x0000000080000000,0x000000009f9b5c70,0x000000009fa00000)
 Metaspace       used 93490K, committed 94912K, reserved 1179648K
  class space    used 9180K, committed 9856K, reserved 1048576K
}
Event: 21762.360 GC heap before
{Heap before GC invocations=11271 (full 10):
 PSYoungGen      total 4096K, used 3590K [0x00000000d5580000, 0x00000000d5b80000, 0x0000000100000000)
  eden space 2048K, 100% used [0x00000000d5580000,0x00000000d5780000,0x00000000d5780000)
  from space 2048K, 75% used [0x00000000d5980000,0x00000000d5b01800,0x00000000d5b80000)
  to   space 2048K, 0% used [0x00000000d5780000,0x00000000d5780000,0x00000000d5980000)
 ParOldGen       total 518144K, used 517847K [0x0000000080000000, 0x000000009fa00000, 0x00000000d5580000)
  object space 518144K, 99% used [0x0000000080000000,0x000000009f9b5c70,0x000000009fa00000)
 Metaspace       used 93490K, committed 94912K, reserved 1179648K
  class space    used 9180K, committed 9856K, reserved 1048576K
}
Event: 21762.363 GC heap after
{Heap after GC invocations=11271 (full 10):
 PSYoungGen      total 4096K, used 1718K [0x00000000d5580000, 0x00000000d5c00000, 0x0000000100000000)
  eden space 2048K, 0% used [0x00000000d5580000,0x00000000d5580000,0x00000000d5780000)
  from space 2048K, 83% used [0x00000000d5780000,0x00000000d592d9e0,0x00000000d5980000)
  to   space 2048K, 0% used [0x00000000d5a00000,0x00000000d5a00000,0x00000000d5c00000)
 ParOldGen       total 519680K, used 519199K [0x0000000080000000, 0x000000009fb80000, 0x00000000d5580000)
  object space 519680K, 99% used [0x0000000080000000,0x000000009fb07c70,0x000000009fb80000)
 Metaspace       used 93490K, committed 94912K, reserved 1179648K
  class space    used 9180K, committed 9856K, reserved 1048576K
}
Event: 21762.366 GC heap before
{Heap before GC invocations=11272 (full 10):
 PSYoungGen      total 4096K, used 3766K [0x00000000d5580000, 0x00000000d5c00000, 0x0000000100000000)
  eden space 2048K, 100% used [0x00000000d5580000,0x00000000d5780000,0x00000000d5780000)
  from space 2048K, 83% used [0x00000000d5780000,0x00000000d592d9e0,0x00000000d5980000)
  to   space 2048K, 0% used [0x00000000d5a00000,0x00000000d5a00000,0x00000000d5c00000)
 ParOldGen       total 519680K, used 519199K [0x0000000080000000, 0x000000009fb80000, 0x00000000d5580000)
  object space 519680K, 99% used [0x0000000080000000,0x000000009fb07c70,0x000000009fb80000)
 Metaspace       used 93490K, committed 94912K, reserved 1179648K
  class space    used 9180K, committed 9856K, reserved 1048576K
}
Event: 21762.369 GC heap after
{Heap after GC invocations=11272 (full 10):
 PSYoungGen      total 2560K, used 2048K [0x00000000d5580000, 0x00000000d6000000, 0x0000000100000000)
  eden space 512K, 0% used [0x00000000d5580000,0x00000000d5580000,0x00000000d5600000)
  from space 2048K, 100% used [0x00000000d5a00000,0x00000000d5c00000,0x00000000d5c00000)
  to   space 4096K, 0% used [0x00000000d5600000,0x00000000d5600000,0x00000000d5a00000)
 ParOldGen       total 521216K, used 520861K [0x0000000080000000, 0x000000009fd00000, 0x00000000d5580000)
  object space 521216K, 99% used [0x0000000080000000,0x000000009fca7650,0x000000009fd00000)
 Metaspace       used 93490K, committed 94912K, reserved 1179648K
  class space    used 9180K, committed 9856K, reserved 1048576K
}
Event: 21762.371 GC heap before
{Heap before GC invocations=11273 (full 10):
 PSYoungGen      total 2560K, used 2560K [0x00000000d5580000, 0x00000000d6000000, 0x0000000100000000)
  eden space 512K, 100% used [0x00000000d5580000,0x00000000d5600000,0x00000000d5600000)
  from space 2048K, 100% used [0x00000000d5a00000,0x00000000d5c00000,0x00000000d5c00000)
  to   space 4096K, 0% used [0x00000000d5600000,0x00000000d5600000,0x00000000d5a00000)
 ParOldGen       total 521216K, used 520861K [0x0000000080000000, 0x000000009fd00000, 0x00000000d5580000)
  object space 521216K, 99% used [0x0000000080000000,0x000000009fca7650,0x000000009fd00000)
 Metaspace       used 93490K, committed 94912K, reserved 1179648K
  class space    used 9180K, committed 9856K, reserved 1048576K
}
Event: 21762.373 GC heap after
{Heap after GC invocations=11273 (full 10):
 PSYoungGen      total 1536K, used 544K [0x00000000d5580000, 0x00000000d5a80000, 0x0000000100000000)
  eden space 512K, 0% used [0x00000000d5580000,0x00000000d5580000,0x00000000d5600000)
  from space 1024K, 53% used [0x00000000d5600000,0x00000000d5688000,0x00000000d5700000)
  to   space 2048K, 0% used [0x00000000d5880000,0x00000000d5880000,0x00000000d5a80000)
 ParOldGen       total 523264K, used 522901K [0x0000000080000000, 0x000000009ff00000, 0x00000000d5580000)
  object space 523264K, 99% used [0x0000000080000000,0x000000009fea5650,0x000000009ff00000)
 Metaspace       used 93490K, committed 94912K, reserved 1179648K
  class space    used 9180K, committed 9856K, reserved 1048576K
}
Event: 21762.375 GC heap before
{Heap before GC invocations=11274 (full 10):
 PSYoungGen      total 1536K, used 1055K [0x00000000d5580000, 0x00000000d5a80000, 0x0000000100000000)
  eden space 512K, 99% used [0x00000000d5580000,0x00000000d55ffff8,0x00000000d5600000)
  from space 1024K, 53% used [0x00000000d5600000,0x00000000d5688000,0x00000000d5700000)
  to   space 2048K, 0% used [0x00000000d5880000,0x00000000d5880000,0x00000000d5a80000)
 ParOldGen       total 523264K, used 522901K [0x0000000080000000, 0x000000009ff00000, 0x00000000d5580000)
  object space 523264K, 99% used [0x0000000080000000,0x000000009fea5650,0x000000009ff00000)
 Metaspace       used 93490K, committed 94912K, reserved 1179648K
  class space    used 9180K, committed 9856K, reserved 1048576K
}
Event: 21762.377 GC heap after
{Heap after GC invocations=11274 (full 10):
 PSYoungGen      total 2048K, used 532K [0x00000000d5580000, 0x00000000d5980000, 0x0000000100000000)
  eden space 1024K, 0% used [0x00000000d5580000,0x00000000d5580000,0x00000000d5680000)
  from space 1024K, 51% used [0x00000000d5880000,0x00000000d5905000,0x00000000d5980000)
  to   space 1024K, 0% used [0x00000000d5780000,0x00000000d5780000,0x00000000d5880000)
 ParOldGen       total 523776K, used 523421K [0x0000000080000000, 0x000000009ff80000, 0x00000000d5580000)
  object space 523776K, 99% used [0x0000000080000000,0x000000009ff27650,0x000000009ff80000)
 Metaspace       used 93490K, committed 94912K, reserved 1179648K
  class space    used 9180K, committed 9856K, reserved 1048576K
}
Event: 21762.400 GC heap before
{Heap before GC invocations=11275 (full 10):
 PSYoungGen      total 2048K, used 1556K [0x00000000d5580000, 0x00000000d5980000, 0x0000000100000000)
  eden space 1024K, 100% used [0x00000000d5580000,0x00000000d5680000,0x00000000d5680000)
  from space 1024K, 51% used [0x00000000d5880000,0x00000000d5905000,0x00000000d5980000)
  to   space 1024K, 0% used [0x00000000d5780000,0x00000000d5780000,0x00000000d5880000)
 ParOldGen       total 523776K, used 523421K [0x0000000080000000, 0x000000009ff80000, 0x00000000d5580000)
  object space 523776K, 99% used [0x0000000080000000,0x000000009ff27650,0x000000009ff80000)
 Metaspace       used 93490K, committed 94912K, reserved 1179648K
  class space    used 9180K, committed 9856K, reserved 1048576K
}
Event: 21762.401 GC heap after
{Heap after GC invocations=11275 (full 10):
 PSYoungGen      total 2560K, used 976K [0x00000000d5580000, 0x00000000d5a00000, 0x0000000100000000)
  eden space 1536K, 0% used [0x00000000d5580000,0x00000000d5580000,0x00000000d5700000)
  from space 1024K, 95% used [0x00000000d5780000,0x00000000d5874000,0x00000000d5880000)
  to   space 1536K, 0% used [0x00000000d5880000,0x00000000d5880000,0x00000000d5a00000)
 ParOldGen       total 523776K, used 523773K [0x0000000080000000, 0x000000009ff80000, 0x00000000d5580000)
  object space 523776K, 99% used [0x0000000080000000,0x000000009ff7f650,0x000000009ff80000)
 Metaspace       used 93490K, committed 94912K, reserved 1179648K
  class space    used 9180K, committed 9856K, reserved 1048576K
}
Event: 21767.392 GC heap before
{Heap before GC invocations=11276 (full 10):
 PSYoungGen      total 2560K, used 2511K [0x00000000d5580000, 0x00000000d5a00000, 0x0000000100000000)
  eden space 1536K, 99% used [0x00000000d5580000,0x00000000d56fffe0,0x00000000d5700000)
  from space 1024K, 95% used [0x00000000d5780000,0x00000000d5874000,0x00000000d5880000)
  to   space 1536K, 0% used [0x00000000d5880000,0x00000000d5880000,0x00000000d5a00000)
 ParOldGen       total 523776K, used 523773K [0x0000000080000000, 0x000000009ff80000, 0x00000000d5580000)
  object space 523776K, 99% used [0x0000000080000000,0x000000009ff7f650,0x000000009ff80000)
 Metaspace       used 93490K, committed 94912K, reserved 1179648K
  class space    used 9180K, committed 9856K, reserved 1048576K
}
Event: 21767.394 GC heap after
{Heap after GC invocations=11276 (full 10):
 PSYoungGen      total 2560K, used 224K [0x00000000d5580000, 0x00000000d5900000, 0x0000000100000000)
  eden space 2048K, 0% used [0x00000000d5580000,0x00000000d5580000,0x00000000d5780000)
  from space 512K, 43% used [0x00000000d5880000,0x00000000d58b8000,0x00000000d5900000)
  to   space 512K, 0% used [0x00000000d5800000,0x00000000d5800000,0x00000000d5880000)
 ParOldGen       total 524800K, used 524581K [0x0000000080000000, 0x00000000a0080000, 0x00000000d5580000)
  object space 524800K, 99% used [0x0000000080000000,0x00000000a0049650,0x00000000a0080000)
 Metaspace       used 93490K, committed 94912K, reserved 1179648K
  class space    used 9180K, committed 9856K, reserved 1048576K
}
Event: 21774.368 GC heap before
{Heap before GC invocations=11277 (full 10):
 PSYoungGen      total 2560K, used 2271K [0x00000000d5580000, 0x00000000d5900000, 0x0000000100000000)
  eden space 2048K, 99% used [0x00000000d5580000,0x00000000d577fe18,0x00000000d5780000)
  from space 512K, 43% used [0x00000000d5880000,0x00000000d58b8000,0x00000000d5900000)
  to   space 512K, 0% used [0x00000000d5800000,0x00000000d5800000,0x00000000d5880000)
 ParOldGen       total 524800K, used 524581K [0x0000000080000000, 0x00000000a0080000, 0x00000000d5580000)
  object space 524800K, 99% used [0x0000000080000000,0x00000000a0049650,0x00000000a0080000)
 Metaspace       used 93492K, committed 94912K, reserved 1179648K
  class space    used 9180K, committed 9856K, reserved 1048576K
}
Event: 21774.379 GC heap after
{Heap after GC invocations=11277 (full 10):
 PSYoungGen      total 2560K, used 336K [0x00000000d5580000, 0x00000000d5900000, 0x0000000100000000)
  eden space 2048K, 0% used [0x00000000d5580000,0x00000000d5580000,0x00000000d5780000)
  from space 512K, 65% used [0x00000000d5800000,0x00000000d5854030,0x00000000d5880000)
  to   space 512K, 0% used [0x00000000d5880000,0x00000000d5880000,0x00000000d5900000)
 ParOldGen       total 524800K, used 524717K [0x0000000080000000, 0x00000000a0080000, 0x00000000d5580000)
  object space 524800K, 99% used [0x0000000080000000,0x00000000a006b650,0x00000000a0080000)
 Metaspace       used 93492K, committed 94912K, reserved 1179648K
  class space    used 9180K, committed 9856K, reserved 1048576K
}
Event: 23190.955 GC heap before
{Heap before GC invocations=11278 (full 10):
 PSYoungGen      total 2560K, used 2384K [0x00000000d5580000, 0x00000000d5900000, 0x0000000100000000)
  eden space 2048K, 100% used [0x00000000d5580000,0x00000000d5780000,0x00000000d5780000)
  from space 512K, 65% used [0x00000000d5800000,0x00000000d5854030,0x00000000d5880000)
  to   space 512K, 0% used [0x00000000d5880000,0x00000000d5880000,0x00000000d5900000)
 ParOldGen       total 524800K, used 524717K [0x0000000080000000, 0x00000000a0080000, 0x00000000d5580000)
  object space 524800K, 99% used [0x0000000080000000,0x00000000a006b650,0x00000000a0080000)
 Metaspace       used 93493K, committed 94912K, reserved 1179648K
  class space    used 9180K, committed 9856K, reserved 1048576K
}
Event: 23191.100 GC heap after
{Heap after GC invocations=11278 (full 10):
 PSYoungGen      total 2560K, used 160K [0x00000000d5580000, 0x00000000d5900000, 0x0000000100000000)
  eden space 2048K, 0% used [0x00000000d5580000,0x00000000d5580000,0x00000000d5780000)
  from space 512K, 31% used [0x00000000d5880000,0x00000000d58a8000,0x00000000d5900000)
  to   space 512K, 0% used [0x00000000d5800000,0x00000000d5800000,0x00000000d5880000)
 ParOldGen       total 524800K, used 524749K [0x0000000080000000, 0x00000000a0080000, 0x00000000d5580000)
  object space 524800K, 99% used [0x0000000080000000,0x00000000a0073660,0x00000000a0080000)
 Metaspace       used 93493K, committed 94912K, reserved 1179648K
  class space    used 9180K, committed 9856K, reserved 1048576K
}

